<?xml version="1.0" encoding="UTF-8"?>
<!-- Generated by org.testng.reporters.JUnitXMLReporter -->
<testsuite ignored="0" hostname="DESKTOP-BH6LQCD" failures="0" tests="4" name="Default test" time="31.915" errors="0" timestamp="2024-11-01T22:25:55 IST">
  <testcase classname="testcase.RunErailUseCase" name="fromStationSelection" time="2.294"/>
  <testcase classname="testcase.RunErailUseCase" name="SortonDateSelection" time="16.764"/>
  <testcase classname="testcase.RunErailUseCase" name="GetListFromDropDowninXLS" time="2.733"/>
  <testcase classname="testcase.RunErailUseCase" name="CompairDropDownListToExistion" time="0.841"/>
</testsuite> <!-- Default test -->
