<?xml version="1.0" encoding="UTF-8"?>
<!-- Generated by org.testng.reporters.JUnitXMLReporter -->
<testsuite ignored="0" hostname="DESKTOP-BH6LQCD" failures="0" tests="4" name="Test" time="20.629" errors="0" timestamp="2024-11-03T00:01:44 IST">
  <testcase classname="testcase.RunErailUseCase" name="fromStationSelection" time="1.955"/>
  <testcase classname="testcase.RunErailUseCase" name="SortonDateSelection" time="5.264"/>
  <testcase classname="testcase.RunErailUseCase" name="GetListFromDropDowninXLS" time="3.264"/>
  <testcase classname="testcase.RunErailUseCase" name="CompairDropDownListToExistion" time="0.997"/>
</testsuite> <!-- Test -->
