<?xml version="1.0" encoding="UTF-8"?>
<testng-results ignored="0" total="4" passed="4" failed="0" skipped="0">
  <reporter-output>
  </reporter-output>
  <suite started-at="2024-11-03T00:01:24 IST" name="Suite" finished-at="2024-11-03T00:01:44 IST" duration-ms="20629">
    <groups>
    </groups>
    <test started-at="2024-11-03T00:01:24 IST" name="Test" finished-at="2024-11-03T00:01:44 IST" duration-ms="20629">
      <class name="testcase.RunErailUseCase">
        <test-method is-config="true" signature="setup()[pri:0, instance:testcase.RunErailUseCase@478190fc]" started-at="2024-11-03T00:01:24 IST" name="setup" finished-at="2024-11-03T00:01:32 IST" duration-ms="8577" status="PASS">
          <reporter-output>
          </reporter-output>
        </test-method> <!-- setup -->
        <test-method signature="fromStationSelection()[pri:1, instance:testcase.RunErailUseCase@478190fc]" started-at="2024-11-03T00:01:32 IST" name="fromStationSelection" finished-at="2024-11-03T00:01:34 IST" duration-ms="1955" status="PASS">
          <reporter-output>
          </reporter-output>
        </test-method> <!-- fromStationSelection -->
        <test-method signature="SortonDateSelection()[pri:2, instance:testcase.RunErailUseCase@478190fc]" started-at="2024-11-03T00:01:34 IST" name="SortonDateSelection" finished-at="2024-11-03T00:01:40 IST" duration-ms="5264" status="PASS">
          <reporter-output>
          </reporter-output>
        </test-method> <!-- SortonDateSelection -->
        <test-method signature="GetListFromDropDowninXLS()[pri:3, instance:testcase.RunErailUseCase@478190fc]" started-at="2024-11-03T00:01:40 IST" name="GetListFromDropDowninXLS" finished-at="2024-11-03T00:01:43 IST" duration-ms="3264" status="PASS">
          <reporter-output>
          </reporter-output>
        </test-method> <!-- GetListFromDropDowninXLS -->
        <test-method signature="CompairDropDownListToExistion()[pri:4, instance:testcase.RunErailUseCase@478190fc]" started-at="2024-11-03T00:01:43 IST" name="CompairDropDownListToExistion" finished-at="2024-11-03T00:01:44 IST" duration-ms="997" status="PASS">
          <reporter-output>
          </reporter-output>
        </test-method> <!-- CompairDropDownListToExistion -->
        <test-method is-config="true" signature="teardown()[pri:0, instance:testcase.RunErailUseCase@478190fc]" started-at="2024-11-03T00:01:44 IST" name="teardown" finished-at="2024-11-03T00:01:44 IST" duration-ms="431" status="PASS">
          <reporter-output>
          </reporter-output>
        </test-method> <!-- teardown -->
      </class> <!-- testcase.RunErailUseCase -->
    </test> <!-- Test -->
  </suite> <!-- Suite -->
</testng-results>
